<?xml version="1.0" encoding="UTF-8"?>
<!-- Generated by org.testng.reporters.JUnitReportReporter -->
<testsuite skipped="0" hostname="HYD-LAP-00128.local" name="poc_restassured.SimpleGetTest" tests="1" failures="0" timestamp="2019-11-26T10:34:25 IST" time="2.341" errors="0">
  <testcase name="GetWeatherDetails" time="2.341" classname="poc_restassured.SimpleGetTest"/>
</testsuite> <!-- poc_restassured.SimpleGetTest -->
