<?xml version="1.0" encoding="UTF-8"?>
<!-- Generated by org.testng.reporters.JUnitReportReporter -->
<testsuite hostname="Dell" name="myPackage.TestParallel" tests="3" failures="0" timestamp="14 Nov 2015 16:04:39 GMT" time="168.539" errors="0">
  <testcase name="test_01" time="66.134" classname="myPackage.TestParallel"/>
  <testcase name="test_01" time="63.095" classname="myPackage.TestParallel"/>
  <testcase name="test_01" time="39.310" classname="myPackage.TestParallel"/>
</testsuite> <!-- myPackage.TestParallel -->
