<?xml version="1.0" encoding="UTF-8"?>
<!-- Generated by org.testng.reporters.JUnitReportReporter -->
<testsuite skipped="0" hostname="HYD-LAP-00128.local" name="restAssured_Demo.Get_Request" tests="1" failures="0" timestamp="2019-11-26T10:05:54 IST" time="2.385" errors="0">
  <testcase name="getweatherdetails" time="2.385" classname="restAssured_Demo.Get_Request"/>
</testsuite> <!-- restAssured_Demo.Get_Request -->
