<?xml version="1.0" encoding="UTF-8"?>
<!-- Generated by org.testng.reporters.JUnitReportReporter -->
<testsuite skipped="0" hostname="HYD-LAP-00128.local" name="restAssured_Demo.Demo_Get_RequestTest" tests="1" failures="0" timestamp="2019-11-26T10:33:26 IST" time="2.468" errors="0">
  <testcase name="getweatherDetailsTest" time="2.468" classname="restAssured_Demo.Demo_Get_RequestTest"/>
</testsuite> <!-- restAssured_Demo.Demo_Get_RequestTest -->
